<?xml version="1.0" encoding="UTF-8"?>
<!-- Generated by org.testng.reporters.JUnitReportReporter -->
<testsuite hostname="TYSS-Rakesh-B" failures="0" tests="1" name="testscripts.TC03_WishList" time="6.614" errors="0" timestamp="2024-01-24T10:16:42 IST" skipped="0">
  <testcase classname="testscripts.TC03_WishList" name="wishListTestCase" time="6.614"/>
  <system-out>
    <![CDATA[Books page is displayed
Books page is displayed]]>
  </system-out>
</testsuite> <!-- testscripts.TC03_WishList -->
