<?xml version="1.0" encoding="UTF-8"?>
<!-- Generated by org.testng.reporters.JUnitReportReporter -->
<testsuite hostname="TYSS-Rakesh-B" failures="0" tests="1" name="testscripts.TC02_AddToCart" time="8.732" errors="0" timestamp="2024-01-24T10:16:42 IST" skipped="0">
  <testcase classname="testscripts.TC02_AddToCart" name="addToCartTestCase" time="8.732"/>
  <system-out>
    <![CDATA[Digital downloads page is displayed
Shopping Cart page displayed
AddToCart Test Case Pass]]>
  </system-out>
</testsuite> <!-- testscripts.TC02_AddToCart -->
