<?xml version="1.0" encoding="UTF-8"?>
<!-- Generated by org.testng.reporters.JUnitReportReporter -->
<testsuite hostname="TYSS-Rakesh-B" failures="0" tests="4" name="testscripts.TC01_Register" time="37.431" errors="0" timestamp="2024-01-24T10:16:42 IST" skipped="0">
  <testcase classname="testscripts.TC01_Register" name="registerTestCase" time="11.038"/>
  <system-out>
    <![CDATA[Demo Web Shop Page Displayed..
Register Page Displayed..
Register Test Case Pass]]>
  </system-out>
  <testcase classname="testscripts.TC01_Register" name="registerTestCase" time="10.422"/>
  <system-out>
    <![CDATA[Demo Web Shop Page Displayed..
Register Page Displayed..
Register Test Case Pass]]>
  </system-out>
  <testcase classname="testscripts.TC01_Register" name="registerTestCase" time="7.849"/>
  <system-out>
    <![CDATA[Demo Web Shop Page Displayed..
Register Page Displayed..
Register Test Case Pass]]>
  </system-out>
  <testcase classname="testscripts.TC01_Register" name="registerTestCase" time="8.122"/>
  <system-out>
    <![CDATA[Demo Web Shop Page Displayed..
Register Page Displayed..
Register Test Case Pass]]>
  </system-out>
</testsuite> <!-- testscripts.TC01_Register -->
